Build started 11/6/2011 10:10:49 AM.
     1>Project "C:\Users\Michael\Desktop\hl2h\ExternNetVarDumper\ExternNetVarDumper.vcxproj" on node 2 (build target(s)).
     1>InitializeBuildStatus:
         Creating "Debug\ExternNetVarDumper.unsuccessfulbuild" because "AlwaysCreate" was specified.
       ClCompile:
         All outputs are up-to-date.
       ManifestResourceCompile:
         All outputs are up-to-date.
       Link:
         c:\Program Files (x86)\Microsoft Visual Studio 10.0\VC\bin\link.exe /ERRORREPORT:PROMPT /OUT:"C:\Users\Michael\Desktop\hl2h\ExternNetVarDumper\Debug\ExternNetVarDumper.exe" /INCREMENTAL /NOLOGO kernel32.lib user32.lib gdi32.lib winspool.lib comdlg32.lib advapi32.lib shell32.lib ole32.lib oleaut32.lib uuid.lib odbc32.lib odbccp32.lib /MANIFEST /ManifestFile:"Debug\ExternNetVarDumper.exe.intermediate.manifest" /MANIFESTUAC:"level='asInvoker' uiAccess='false'" /DEBUG /PDB:"C:\Users\Michael\Desktop\hl2h\ExternNetVarDumper\Debug\ExternNetVarDumper.pdb" /SUBSYSTEM:CONSOLE /TLBID:1 /DYNAMICBASE /NXCOMPAT /IMPLIB:"C:\Users\Michael\Desktop\hl2h\ExternNetVarDumper\Debug\ExternNetVarDumper.lib" /MACHINE:X86 Debug\ExternNetVarDumper.exe.embed.manifest.res
         Debug\main.obj
         Debug\NetVars.obj
         Debug\Util.obj
       Manifest:
         C:\Program Files (x86)\Microsoft SDKs\Windows\v7.0A\bin\mt.exe /nologo /verbose /out:"Debug\ExternNetVarDumper.exe.embed.manifest" /manifest Debug\ExternNetVarDumper.exe.intermediate.manifest
         All outputs are up-to-date.
       LinkEmbedManifest:
         c:\Program Files (x86)\Microsoft Visual Studio 10.0\VC\bin\link.exe /ERRORREPORT:PROMPT /OUT:"C:\Users\Michael\Desktop\hl2h\ExternNetVarDumper\Debug\ExternNetVarDumper.exe" /INCREMENTAL /NOLOGO kernel32.lib user32.lib gdi32.lib winspool.lib comdlg32.lib advapi32.lib shell32.lib ole32.lib oleaut32.lib uuid.lib odbc32.lib odbccp32.lib /MANIFEST /ManifestFile:"Debug\ExternNetVarDumper.exe.intermediate.manifest" /MANIFESTUAC:"level='asInvoker' uiAccess='false'" /DEBUG /PDB:"C:\Users\Michael\Desktop\hl2h\ExternNetVarDumper\Debug\ExternNetVarDumper.pdb" /SUBSYSTEM:CONSOLE /TLBID:1 /DYNAMICBASE /NXCOMPAT /IMPLIB:"C:\Users\Michael\Desktop\hl2h\ExternNetVarDumper\Debug\ExternNetVarDumper.lib" /MACHINE:X86 Debug\ExternNetVarDumper.exe.embed.manifest.res
         Debug\main.obj
         Debug\NetVars.obj
         Debug\Util.obj
         ExternNetVarDumper.vcxproj -> C:\Users\Michael\Desktop\hl2h\ExternNetVarDumper\Debug\ExternNetVarDumper.exe
       FinalizeBuildStatus:
         Deleting file "Debug\ExternNetVarDumper.unsuccessfulbuild".
         Touching "Debug\ExternNetVarDumper.lastbuildstate".
     1>Done Building Project "C:\Users\Michael\Desktop\hl2h\ExternNetVarDumper\ExternNetVarDumper.vcxproj" (build target(s)).

Build succeeded.

Time Elapsed 00:00:00.42
