C:\Users\Michael\Desktop\hl2h\Zion\Release\cl.command.1.tlog
C:\Users\Michael\Desktop\hl2h\Zion\Release\CL.read.1.tlog
C:\Users\Michael\Desktop\hl2h\Zion\Release\CL.write.1.tlog
C:\USERS\MICHAEL\DESKTOP\HL2H\ZION\RELEASE\DLLMAIN.OBJ
C:\USERS\MICHAEL\DESKTOP\HL2H\ZION\RELEASE\DRAWING.OBJ
C:\USERS\MICHAEL\DESKTOP\HL2H\ZION\RELEASE\ESP.OBJ
C:\USERS\MICHAEL\DESKTOP\HL2H\ZION\RELEASE\HOOKS.OBJ
C:\USERS\MICHAEL\DESKTOP\HL2H\ZION\RELEASE\INTERFACES.OBJ
C:\Users\Michael\Desktop\hl2h\Zion\Release\link.command.1.tlog
C:\Users\Michael\Desktop\hl2h\Zion\Release\link.read.1.tlog
C:\Users\Michael\Desktop\hl2h\Zion\Release\link.write.1.tlog
C:\Users\Michael\Desktop\hl2h\Zion\Release\mt.command.1.tlog
C:\Users\Michael\Desktop\hl2h\Zion\Release\mt.read.1.tlog
C:\Users\Michael\Desktop\hl2h\Zion\Release\mt.write.1.tlog
C:\USERS\MICHAEL\DESKTOP\HL2H\ZION\RELEASE\SIGSCAN.OBJ
C:\USERS\MICHAEL\DESKTOP\HL2H\ZION\RELEASE\VC100.PDB
C:\USERS\MICHAEL\DESKTOP\HL2H\ZION\RELEASE\ZION.DLL
C:\USERS\MICHAEL\DESKTOP\HL2H\ZION\RELEASE\ZION.DLL.INTERMEDIATE.MANIFEST
C:\USERS\MICHAEL\DESKTOP\HL2H\ZION\RELEASE\ZION.OBJ
C:\USERS\MICHAEL\DESKTOP\HL2H\ZION\RELEASE\ZION.PDB
